<?xml version="1.0" encoding="UTF-8"?>
<testsuite name="com.sebo.wynnmarketserver.WynnmarketserverApplicationTests" tests="1" skipped="0" failures="0" errors="0" timestamp="2022-07-16T16:39:16" hostname="DESKTOP-P8A7EUC" time="0.316">
  <properties/>
  <testcase name="contextLoads()" classname="com.sebo.wynnmarketserver.WynnmarketserverApplicationTests" time="0.316"/>
  <system-out><![CDATA[17:39:14.991 [Test worker] DEBUG org.springframework.test.context.BootstrapUtils - Instantiating CacheAwareContextLoaderDelegate from class [org.springframework.test.context.cache.DefaultCacheAwareContextLoaderDelegate]
17:39:15.000 [Test worker] DEBUG org.springframework.test.context.BootstrapUtils - Instantiating BootstrapContext using constructor [public org.springframework.test.context.support.DefaultBootstrapContext(java.lang.Class,org.springframework.test.context.CacheAwareContextLoaderDelegate)]
17:39:15.024 [Test worker] DEBUG org.springframework.test.context.BootstrapUtils - Instantiating TestContextBootstrapper for test class [com.sebo.wynnmarketserver.WynnmarketserverApplicationTests] from class [org.springframework.boot.test.context.SpringBootTestContextBootstrapper]
17:39:15.034 [Test worker] INFO org.springframework.boot.test.context.SpringBootTestContextBootstrapper - Neither @ContextConfiguration nor @ContextHierarchy found for test class [com.sebo.wynnmarketserver.WynnmarketserverApplicationTests], using SpringBootContextLoader
17:39:15.037 [Test worker] DEBUG org.springframework.test.context.support.AbstractContextLoader - Did not detect default resource location for test class [com.sebo.wynnmarketserver.WynnmarketserverApplicationTests]: class path resource [com/sebo/wynnmarketserver/WynnmarketserverApplicationTests-context.xml] does not exist
17:39:15.037 [Test worker] DEBUG org.springframework.test.context.support.AbstractContextLoader - Did not detect default resource location for test class [com.sebo.wynnmarketserver.WynnmarketserverApplicationTests]: class path resource [com/sebo/wynnmarketserver/WynnmarketserverApplicationTestsContext.groovy] does not exist
17:39:15.037 [Test worker] INFO org.springframework.test.context.support.AbstractContextLoader - Could not detect default resource locations for test class [com.sebo.wynnmarketserver.WynnmarketserverApplicationTests]: no resource found for suffixes {-context.xml, Context.groovy}.
17:39:15.038 [Test worker] INFO org.springframework.test.context.support.AnnotationConfigContextLoaderUtils - Could not detect default configuration classes for test class [com.sebo.wynnmarketserver.WynnmarketserverApplicationTests]: WynnmarketserverApplicationTests does not declare any static, non-private, non-final, nested classes annotated with @Configuration.
17:39:15.066 [Test worker] DEBUG org.springframework.test.context.support.ActiveProfilesUtils - Could not find an 'annotation declaring class' for annotation type [org.springframework.test.context.ActiveProfiles] and class [com.sebo.wynnmarketserver.WynnmarketserverApplicationTests]
17:39:15.107 [Test worker] DEBUG org.springframework.context.annotation.ClassPathScanningCandidateComponentProvider - Identified candidate component class: file [C:\Users\Sebba\Documents\mod\clonetest\wynnmarket\wynnmarketserver\build\classes\java\main\com\sebo\wynnmarketserver\WynnmarketserverApplication.class]
17:39:15.108 [Test worker] INFO org.springframework.boot.test.context.SpringBootTestContextBootstrapper - Found @SpringBootConfiguration com.sebo.wynnmarketserver.WynnmarketserverApplication for test class com.sebo.wynnmarketserver.WynnmarketserverApplicationTests
17:39:15.182 [Test worker] DEBUG org.springframework.boot.test.context.SpringBootTestContextBootstrapper - @TestExecutionListeners is not present for class [com.sebo.wynnmarketserver.WynnmarketserverApplicationTests]: using defaults.
17:39:15.183 [Test worker] INFO org.springframework.boot.test.context.SpringBootTestContextBootstrapper - Loaded default TestExecutionListener class names from location [META-INF/spring.factories]: [org.springframework.boot.test.autoconfigure.restdocs.RestDocsTestExecutionListener, org.springframework.boot.test.autoconfigure.web.client.MockRestServiceServerResetTestExecutionListener, org.springframework.boot.test.autoconfigure.web.servlet.MockMvcPrintOnlyOnFailureTestExecutionListener, org.springframework.boot.test.autoconfigure.web.servlet.WebDriverTestExecutionListener, org.springframework.boot.test.autoconfigure.webservices.client.MockWebServiceServerTestExecutionListener, org.springframework.boot.test.mock.mockito.MockitoTestExecutionListener, org.springframework.boot.test.mock.mockito.ResetMocksTestExecutionListener, org.springframework.test.context.web.ServletTestExecutionListener, org.springframework.test.context.support.DirtiesContextBeforeModesTestExecutionListener, org.springframework.test.context.event.ApplicationEventsTestExecutionListener, org.springframework.test.context.support.DependencyInjectionTestExecutionListener, org.springframework.test.context.support.DirtiesContextTestExecutionListener, org.springframework.test.context.transaction.TransactionalTestExecutionListener, org.springframework.test.context.jdbc.SqlScriptsTestExecutionListener, org.springframework.test.context.event.EventPublishingTestExecutionListener]
17:39:15.193 [Test worker] DEBUG org.springframework.boot.test.context.SpringBootTestContextBootstrapper - Skipping candidate TestExecutionListener [org.springframework.test.context.transaction.TransactionalTestExecutionListener] due to a missing dependency. Specify custom listener classes or make the default listener classes and their required dependencies available. Offending class: [org/springframework/transaction/interceptor/TransactionAttributeSource]
17:39:15.193 [Test worker] DEBUG org.springframework.boot.test.context.SpringBootTestContextBootstrapper - Skipping candidate TestExecutionListener [org.springframework.test.context.jdbc.SqlScriptsTestExecutionListener] due to a missing dependency. Specify custom listener classes or make the default listener classes and their required dependencies available. Offending class: [org/springframework/transaction/interceptor/TransactionAttribute]
17:39:15.193 [Test worker] INFO org.springframework.boot.test.context.SpringBootTestContextBootstrapper - Using TestExecutionListeners: [org.springframework.test.context.web.ServletTestExecutionListener@ac8a63, org.springframework.test.context.support.DirtiesContextBeforeModesTestExecutionListener@19d1b69, org.springframework.test.context.event.ApplicationEventsTestExecutionListener@c8295b, org.springframework.boot.test.mock.mockito.MockitoTestExecutionListener@11f7d26, org.springframework.boot.test.autoconfigure.SpringBootDependencyInjectionTestExecutionListener@1b21474, org.springframework.test.context.support.DirtiesContextTestExecutionListener@d10fb8, org.springframework.test.context.event.EventPublishingTestExecutionListener@1c07648, org.springframework.boot.test.autoconfigure.restdocs.RestDocsTestExecutionListener@1e8d51b, org.springframework.boot.test.autoconfigure.web.client.MockRestServiceServerResetTestExecutionListener@1e7326, org.springframework.boot.test.autoconfigure.web.servlet.MockMvcPrintOnlyOnFailureTestExecutionListener@680f52, org.springframework.boot.test.autoconfigure.web.servlet.WebDriverTestExecutionListener@d84f61, org.springframework.boot.test.autoconfigure.webservices.client.MockWebServiceServerTestExecutionListener@1c11e6c, org.springframework.boot.test.mock.mockito.ResetMocksTestExecutionListener@4dcd31]
17:39:15.196 [Test worker] DEBUG org.springframework.test.context.support.AbstractDirtiesContextTestExecutionListener - Before test class: context [DefaultTestContext@7e29a4 testClass = WynnmarketserverApplicationTests, testInstance = [null], testMethod = [null], testException = [null], mergedContextConfiguration = [WebMergedContextConfiguration@807b1d testClass = WynnmarketserverApplicationTests, locations = '{}', classes = '{class com.sebo.wynnmarketserver.WynnmarketserverApplication}', contextInitializerClasses = '[]', activeProfiles = '{}', propertySourceLocations = '{}', propertySourceProperties = '{org.springframework.boot.test.context.SpringBootTestContextBootstrapper=true}', contextCustomizers = set[org.springframework.boot.test.autoconfigure.actuate.metrics.MetricsExportContextCustomizerFactory$DisableMetricExportContextCustomizer@182f8ae, org.springframework.boot.test.autoconfigure.properties.PropertyMappingContextCustomizer@0, org.springframework.boot.test.autoconfigure.web.servlet.WebDriverContextCustomizerFactory$Customizer@928e2f, org.springframework.boot.test.context.filter.ExcludeFilterContextCustomizer@98ee84, org.springframework.boot.test.json.DuplicateJsonObjectContextCustomizerFactory$DuplicateJsonObjectContextCustomizer@e3ede4, org.springframework.boot.test.mock.mockito.MockitoContextCustomizer@0, org.springframework.boot.test.web.client.TestRestTemplateContextCustomizer@cf2de5, org.springframework.boot.test.context.SpringBootTestArgs@1, org.springframework.boot.test.context.SpringBootTestWebEnvironment@19b89d4], resourceBasePath = 'src/main/webapp', contextLoader = 'org.springframework.boot.test.context.SpringBootContextLoader', parent = [null]], attributes = map['org.springframework.test.context.web.ServletTestExecutionListener.activateListener' -> true]], class annotated with @DirtiesContext [false] with mode [null].

  .   ____          _            __ _ _
 /\\ / ___'_ __ _ _(_)_ __  __ _ \ \ \ \
( ( )\___ | '_ | '_| | '_ \/ _` | \ \ \ \
 \\/  ___)| |_)| | | | | || (_| |  ) ) ) )
  '  |____| .__|_| |_|_| |_\__, | / / / /
 =========|_|==============|___/=/_/_/_/
 :: Spring Boot ::                (v2.7.1)

2022-07-16 17:39:15.392  WARN 20168 --- [    Test worker] ory$DuplicateJsonObjectContextCustomizer : 

Found multiple occurrences of org.json.JSONObject on the class path:

	jar:file:/C:/Users/Sebba/.gradle/caches/modules-2/files-2.1/org.json/json/20090211/c183aa3a2a6250293808bba12262c8920ce5a51c/json-20090211.jar!/org/json/JSONObject.class
	jar:file:/C:/Users/Sebba/.gradle/caches/modules-2/files-2.1/com.vaadin.external.google/android-json/0.0.20131108.vaadin1/fa26d351fe62a6a17f5cda1287c1c6110dec413f/android-json-0.0.20131108.vaadin1.jar!/org/json/JSONObject.class

You may wish to exclude one of them to ensure predictable runtime behavior

2022-07-16 17:39:15.411  INFO 20168 --- [    Test worker] c.s.w.WynnmarketserverApplicationTests   : Starting WynnmarketserverApplicationTests using Java 17.0.1 on DESKTOP-P8A7EUC with PID 20168 (started by Sebba in C:\Users\Sebba\Documents\mod\clonetest\wynnmarket\wynnmarketserver)
2022-07-16 17:39:15.412  INFO 20168 --- [    Test worker] c.s.w.WynnmarketserverApplicationTests   : No active profile set, falling back to 1 default profile: "default"
2022-07-16 17:39:16.381  INFO 20168 --- [    Test worker] c.s.w.WynnmarketserverApplicationTests   : Started WynnmarketserverApplicationTests in 1.158 seconds (JVM running for 2.014)
]]></system-out>
  <system-err><![CDATA[]]></system-err>
</testsuite>
